<?xml version="1.0" encoding="UTF-8"?>
<testng-results ignored="0" total="1" passed="1" failed="0" skipped="0">
  <reporter-output>
  </reporter-output>
  <suite started-at="2024-01-30T10:01:40 IST" name="Default suite" finished-at="2024-01-30T10:01:40 IST" duration-ms="282">
    <groups>
    </groups>
    <test started-at="2024-01-30T10:01:40 IST" name="Default test" finished-at="2024-01-30T10:01:40 IST" duration-ms="282">
      <class name="JIRA.JIRA_AUTOMATION_PROJECT.Add_Attachment">
        <test-method signature="addAttachment()[pri:0, instance:JIRA.JIRA_AUTOMATION_PROJECT.Add_Attachment@4a8a0099]" started-at="2024-01-30T10:01:40 IST" name="addAttachment" finished-at="2024-01-30T10:01:40 IST" duration-ms="256" status="PASS">
          <reporter-output>
          </reporter-output>
        </test-method> <!-- addAttachment -->
      </class> <!-- JIRA.JIRA_AUTOMATION_PROJECT.Add_Attachment -->
    </test> <!-- Default test -->
  </suite> <!-- Default suite -->
</testng-results>
